# JRE version: Java(TM) SE Runtime Environment (8.0_331-b09) (build 1.8.0_331-b09)
# Java VM: Java HotSpot(TM) Client VM (25.331-b09 mixed mode windows-x86 )
Heap:
 def new generation   total 4928K, used 2321K [0x07600000, 0x07b50000, 0x0cb50000)
  eden space 4416K,  45% used [0x07600000, 0x077f40d0, 0x07a50000)
  from space 512K,  62% used [0x07a50000, 0x07aa06d0, 0x07ad0000)
  to   space 512K,   0% used [0x07ad0000, 0x07ad0000, 0x07b50000)
 tenured generation   total 10944K, used 2537K [0x0cb50000, 0x0d600000, 0x17600000)
   the space 10944K,  23% used [0x0cb50000, 0x0cdca648, 0x0cdca800, 0x0d600000)
 Metaspace       used 5863K, capacity 6360K, committed 6400K, reserved 6528K
GC Heap History (10 events):
Event: 1.673 GC heap before
{Heap before GC invocations=3 (full 0):
 def new generation   total 4928K, used 4927K [0x07600000, 0x07b50000, 0x0cb50000)
  eden space 4416K, 100% used [0x07600000, 0x07a50000, 0x07a50000)
  from space 512K,  99% used [0x07ad0000, 0x07b4ff40, 0x07b50000)
  to   space 512K,   0% used [0x07a50000, 0x07a50000, 0x07ad0000)
 tenured generation   total 10944K, used 1513K [0x0cb50000, 0x0d600000, 0x17600000)
   the space 10944K,  13% used [0x0cb50000, 0x0ccca408, 0x0ccca600, 0x0d600000)
 Metaspace       used 4670K, capacity 4870K, committed 4992K, reserved 5504K
Event: 1.677 GC heap after
Heap after GC invocations=4 (full 0):
 def new generation   total 4928K, used 479K [0x07600000, 0x07b50000, 0x0cb50000)
  eden space 4416K,   0% used [0x07600000, 0x07600000, 0x07a50000)
  from space 512K,  93% used [0x07a50000, 0x07ac7ea8, 0x07ad0000)
  to   space 512K,   0% used [0x07ad0000, 0x07ad0000, 0x07b50000)
 tenured generation   total 10944K, used 1862K [0x0cb50000, 0x0d600000, 0x17600000)
   the space 10944K,  17% used [0x0cb50000, 0x0cd21a70, 0x0cd21c00, 0x0d600000)
 Metaspace       used 4670K, capacity 4870K, committed 4992K, reserved 5504K
}
Event: 1.803 GC heap before
{Heap before GC invocations=4 (full 0):
 def new generation   total 4928K, used 4895K [0x07600000, 0x07b50000, 0x0cb50000)
  eden space 4416K, 100% used [0x07600000, 0x07a50000, 0x07a50000)
  from space 512K,  93% used [0x07a50000, 0x07ac7ea8, 0x07ad0000)
  to   space 512K,   0% used [0x07ad0000, 0x07ad0000, 0x07b50000)
 tenured generation   total 10944K, used 1862K [0x0cb50000, 0x0d600000, 0x17600000)
   the space 10944K,  17% used [0x0cb50000, 0x0cd21a70, 0x0cd21c00, 0x0d600000)
 Metaspace       used 4940K, capacity 5213K, committed 5248K, reserved 5504K
Event: 1.807 GC heap after
Heap after GC invocations=5 (full 0):
 def new generation   total 4928K, used 459K [0x07600000, 0x07b50000, 0x0cb50000)
  eden space 4416K,   0% used [0x07600000, 0x07600000, 0x07a50000)
  from space 512K,  89% used [0x07ad0000, 0x07b42f00, 0x07b50000)
  to   space 512K,   0% used [0x07a50000, 0x07a50000, 0x07ad0000)
 tenured generation   total 10944K, used 2137K [0x0cb50000, 0x0d600000, 0x17600000)
   the space 10944K,  19% used [0x0cb50000, 0x0cd66400, 0x0cd66400, 0x0d600000)
 Metaspace       used 4940K, capacity 5213K, committed 5248K, reserved 5504K
}
Event: 2.008 GC heap before
{Heap before GC invocations=5 (full 0):
 def new generation   total 4928K, used 4875K [0x07600000, 0x07b50000, 0x0cb50000)
  eden space 4416K, 100% used [0x07600000, 0x07a50000, 0x07a50000)
  from space 512K,  89% used [0x07ad0000, 0x07b42f00, 0x07b50000)
  to   space 512K,   0% used [0x07a50000, 0x07a50000, 0x07ad0000)
 tenured generation   total 10944K, used 2137K [0x0cb50000, 0x0d600000, 0x17600000)
   the space 10944K,  19% used [0x0cb50000, 0x0cd66400, 0x0cd66400, 0x0d600000)
 Metaspace       used 5309K, capacity 5661K, committed 5760K, reserved 6528K
Event: 2.011 GC heap after
Heap after GC invocations=6 (full 0):
 def new generation   total 4928K, used 314K [0x07600000, 0x07b50000, 0x0cb50000)
  eden space 4416K,   0% used [0x07600000, 0x07600000, 0x07a50000)
  from space 512K,  61% used [0x07a50000, 0x07a9ebe0, 0x07ad0000)
  to   space 512K,   0% used [0x07ad0000, 0x07ad0000, 0x07b50000)
 tenured generation   total 10944K, used 2285K [0x0cb50000, 0x0d600000, 0x17600000)
   the space 10944K,  20% used [0x0cb50000, 0x0cd8b608, 0x0cd8b800, 0x0d600000)
 Metaspace       used 5309K, capacity 5661K, committed 5760K, reserved 6528K
}
Event: 2.168 GC heap before
{Heap before GC invocations=6 (full 0):
 def new generation   total 4928K, used 4730K [0x07600000, 0x07b50000, 0x0cb50000)
  eden space 4416K, 100% used [0x07600000, 0x07a50000, 0x07a50000)
  from space 512K,  61% used [0x07a50000, 0x07a9ebe0, 0x07ad0000)
  to   space 512K,   0% used [0x07ad0000, 0x07ad0000, 0x07b50000)
 tenured generation   total 10944K, used 2285K [0x0cb50000, 0x0d600000, 0x17600000)
   the space 10944K,  20% used [0x0cb50000, 0x0cd8b608, 0x0cd8b800, 0x0d600000)
 Metaspace       used 5579K, capacity 6000K, committed 6016K, reserved 6528K
Event: 2.171 GC heap after
Heap after GC invocations=7 (full 0):
 def new generation   total 4928K, used 300K [0x07600000, 0x07b50000, 0x0cb50000)
  eden space 4416K,   0% used [0x07600000, 0x07600000, 0x07a50000)
  from space 512K,  58% used [0x07ad0000, 0x07b1b000, 0x07b50000)
  to   space 512K,   0% used [0x07a50000, 0x07a50000, 0x07ad0000)
 tenured generation   total 10944K, used 2427K [0x0cb50000, 0x0d600000, 0x17600000)
   the space 10944K,  22% used [0x0cb50000, 0x0cdaeea8, 0x0cdaf000, 0x0d600000)
 Metaspace       used 5579K, capacity 6000K, committed 6016K, reserved 6528K
}
Event: 2.342 GC heap before
{Heap before GC invocations=7 (full 0):
 def new generation   total 4928K, used 4716K [0x07600000, 0x07b50000, 0x0cb50000)
  eden space 4416K, 100% used [0x07600000, 0x07a50000, 0x07a50000)
  from space 512K,  58% used [0x07ad0000, 0x07b1b000, 0x07b50000)
  to   space 512K,   0% used [0x07a50000, 0x07a50000, 0x07ad0000)
 tenured generation   total 10944K, used 2427K [0x0cb50000, 0x0d600000, 0x17600000)
   the space 10944K,  22% used [0x0cb50000, 0x0cdaeea8, 0x0cdaf000, 0x0d600000)
 Metaspace       used 5787K, capacity 6256K, committed 6272K, reserved 6528K
Event: 2.344 GC heap after
Heap after GC invocations=8 (full 0):
 def new generation   total 4928K, used 321K [0x07600000, 0x07b50000, 0x0cb50000)
  eden space 4416K,   0% used [0x07600000, 0x07600000, 0x07a50000)
  from space 512K,  62% used [0x07a50000, 0x07aa06d0, 0x07ad0000)
  to   space 512K,   0% used [0x07ad0000, 0x07ad0000, 0x07b50000)
 tenured generation   total 10944K, used 2537K [0x0cb50000, 0x0d600000, 0x17600000)
   the space 10944K,  23% used [0x0cb50000, 0x0cdca648, 0x0cdca800, 0x0d600000)
 Metaspace       used 5787K, capacity 6256K, committed 6272K, reserved 6528K
}

